<?xml version="1.0" encoding="UTF-8"?>
<testng-results skipped="0" failed="1" ignored="0" total="1" passed="0">
  <reporter-output>
  </reporter-output>
  <suite name="MakeMyTrip" duration-ms="28482" started-at="2018-01-11T18:32:41Z" finished-at="2018-01-11T18:33:09Z">
    <groups>
    </groups>
    <test name="FlightCount" duration-ms="28482" started-at="2018-01-11T18:32:41Z" finished-at="2018-01-11T18:33:09Z">
      <class name="Qtech.MakeMyTrip.mmtactual">
        <test-method status="PASS" signature="beforeMethod()[pri:0, instance:Qtech.MakeMyTrip.mmtactual@c818063]" name="beforeMethod" is-config="true" duration-ms="24415" started-at="2018-01-12T00:02:41Z" finished-at="2018-01-12T00:03:05Z">
          <reporter-output>
          </reporter-output>
        </test-method> <!-- beforeMethod -->
        <test-method status="FAIL" signature="f()[pri:0, instance:Qtech.MakeMyTrip.mmtactual@c818063]" name="f" duration-ms="208" started-at="2018-01-12T00:03:05Z" finished-at="2018-01-12T00:03:05Z">
          <exception class="org.openqa.selenium.NoSuchWindowException">
            <message>
              <![CDATA[no such window: target window already closedfrom unknown error: web view not found  (Session info: chrome=63.0.3239.132)  (Driver info: chromedriver=2.33.506120 (e3e53437346286c0bc2d2dc9aa4915ba81d9023f),platform=Windows NT 10.0.10240 x86_64) (WARNING: The server did not provide any stacktrace information)Command duration or timeout: 0 millisecondsBuild info: version: '3.8.1', revision: '6e95a6684b', time: '2017-12-01T18:33:54.468Z'System info: host: 'DESKTOP-BUSIJCL', ip: '192.168.0.6', os.name: 'Windows 10', os.arch: 'amd64', os.version: '10.0', java.version: '1.8.0_151'Driver info: org.openqa.selenium.chrome.ChromeDriverCapabilities {acceptSslCerts: true, applicationCacheEnabled: false, browserConnectionEnabled: false, browserName: chrome, chrome: {chromedriverVersion: 2.33.506120 (e3e53437346286..., userDataDir: C:\Users\Allwin\AppData\Loc...}, cssSelectorsEnabled: true, databaseEnabled: false, handlesAlerts: true, hasTouchScreen: false, javascriptEnabled: true, locationContextEnabled: true, mobileEmulationEnabled: false, nativeEvents: true, networkConnectionEnabled: false, pageLoadStrategy: normal, platform: XP, platformName: XP, rotatable: false, setWindowRect: true, takesHeapSnapshot: true, takesScreenshot: true, unexpectedAlertBehaviour: , unhandledPromptBehavior: , version: 63.0.3239.132, webStorageEnabled: true}Session ID: e0fb3e289e2115e46545523fc98c1d48*** Element info: {Using=xpath, value=//div[@id='js-switch__option']//label[contains(text(),'one way')]}]]>
            </message>
            <full-stacktrace>
              <![CDATA[org.openqa.selenium.NoSuchWindowException: no such window: target window already closedfrom unknown error: web view not found  (Session info: chrome=63.0.3239.132)  (Driver info: chromedriver=2.33.506120 (e3e53437346286c0bc2d2dc9aa4915ba81d9023f),platform=Windows NT 10.0.10240 x86_64) (WARNING: The server did not provide any stacktrace information)Command duration or timeout: 0 millisecondsBuild info: version: '3.8.1', revision: '6e95a6684b', time: '2017-12-01T18:33:54.468Z'System info: host: 'DESKTOP-BUSIJCL', ip: '192.168.0.6', os.name: 'Windows 10', os.arch: 'amd64', os.version: '10.0', java.version: '1.8.0_151'Driver info: org.openqa.selenium.chrome.ChromeDriverCapabilities {acceptSslCerts: true, applicationCacheEnabled: false, browserConnectionEnabled: false, browserName: chrome, chrome: {chromedriverVersion: 2.33.506120 (e3e53437346286..., userDataDir: C:\Users\Allwin\AppData\Loc...}, cssSelectorsEnabled: true, databaseEnabled: false, handlesAlerts: true, hasTouchScreen: false, javascriptEnabled: true, locationContextEnabled: true, mobileEmulationEnabled: false, nativeEvents: true, networkConnectionEnabled: false, pageLoadStrategy: normal, platform: XP, platformName: XP, rotatable: false, setWindowRect: true, takesHeapSnapshot: true, takesScreenshot: true, unexpectedAlertBehaviour: , unhandledPromptBehavior: , version: 63.0.3239.132, webStorageEnabled: true}Session ID: e0fb3e289e2115e46545523fc98c1d48*** Element info: {Using=xpath, value=//div[@id='js-switch__option']//label[contains(text(),'one way')]}at sun.reflect.NativeConstructorAccessorImpl.newInstance0(Native Method)at sun.reflect.NativeConstructorAccessorImpl.newInstance(Unknown Source)at sun.reflect.DelegatingConstructorAccessorImpl.newInstance(Unknown Source)at java.lang.reflect.Constructor.newInstance(Unknown Source)at org.openqa.selenium.remote.ErrorHandler.createThrowable(ErrorHandler.java:214)at org.openqa.selenium.remote.ErrorHandler.throwIfResponseFailed(ErrorHandler.java:166)at org.openqa.selenium.remote.http.JsonHttpResponseCodec.reconstructValue(JsonHttpResponseCodec.java:40)at org.openqa.selenium.remote.http.AbstractHttpResponseCodec.decode(AbstractHttpResponseCodec.java:80)at org.openqa.selenium.remote.http.AbstractHttpResponseCodec.decode(AbstractHttpResponseCodec.java:44)at org.openqa.selenium.remote.HttpCommandExecutor.execute(HttpCommandExecutor.java:164)at org.openqa.selenium.remote.service.DriverCommandExecutor.execute(DriverCommandExecutor.java:83)at org.openqa.selenium.remote.RemoteWebDriver.execute(RemoteWebDriver.java:601)at org.openqa.selenium.remote.RemoteWebDriver.findElement(RemoteWebDriver.java:371)at org.openqa.selenium.remote.RemoteWebDriver.findElementByXPath(RemoteWebDriver.java:473)at org.openqa.selenium.By$ByXPath.findElement(By.java:361)at org.openqa.selenium.remote.RemoteWebDriver.findElement(RemoteWebDriver.java:363)at Qtech.MakeMyTrip.mmtutilities.selectjourneytype(mmtutilities.java:45)at Qtech.MakeMyTrip.mmtactual.f(mmtactual.java:15)at sun.reflect.NativeMethodAccessorImpl.invoke0(Native Method)at sun.reflect.NativeMethodAccessorImpl.invoke(Unknown Source)at sun.reflect.DelegatingMethodAccessorImpl.invoke(Unknown Source)at java.lang.reflect.Method.invoke(Unknown Source)at org.testng.internal.MethodInvocationHelper.invokeMethod(MethodInvocationHelper.java:124)at org.testng.internal.Invoker.invokeMethod(Invoker.java:571)at org.testng.internal.Invoker.invokeTestMethod(Invoker.java:707)at org.testng.internal.Invoker.invokeTestMethods(Invoker.java:979)at org.testng.internal.TestMethodWorker.invokeTestMethods(TestMethodWorker.java:125)at org.testng.internal.TestMethodWorker.run(TestMethodWorker.java:109)at org.testng.TestRunner.privateRun(TestRunner.java:648)at org.testng.TestRunner.run(TestRunner.java:505)at org.testng.SuiteRunner.runTest(SuiteRunner.java:455)at org.testng.SuiteRunner.runSequentially(SuiteRunner.java:450)at org.testng.SuiteRunner.privateRun(SuiteRunner.java:415)at org.testng.SuiteRunner.run(SuiteRunner.java:364)at org.testng.SuiteRunnerWorker.runSuite(SuiteRunnerWorker.java:52)at org.testng.SuiteRunnerWorker.run(SuiteRunnerWorker.java:84)at org.testng.TestNG.runSuitesSequentially(TestNG.java:1187)at org.testng.TestNG.runSuitesLocally(TestNG.java:1116)at org.testng.TestNG.runSuites(TestNG.java:1028)at org.testng.TestNG.run(TestNG.java:996)at org.apache.maven.surefire.testng.TestNGExecutor.run(TestNGExecutor.java:295)at org.apache.maven.surefire.testng.TestNGXmlTestSuite.execute(TestNGXmlTestSuite.java:84)at org.apache.maven.surefire.testng.TestNGProvider.invoke(TestNGProvider.java:90)at org.apache.maven.surefire.booter.ForkedBooter.invokeProviderInSameClassLoader(ForkedBooter.java:203)at org.apache.maven.surefire.booter.ForkedBooter.runSuitesInProcess(ForkedBooter.java:155)at org.apache.maven.surefire.booter.ForkedBooter.main(ForkedBooter.java:103)]]>
            </full-stacktrace>
          </exception> <!-- org.openqa.selenium.NoSuchWindowException -->
          <reporter-output>
          </reporter-output>
        </test-method> <!-- f -->
        <test-method status="PASS" signature="afterMethod()[pri:0, instance:Qtech.MakeMyTrip.mmtactual@c818063]" name="afterMethod" is-config="true" duration-ms="3711" started-at="2018-01-12T00:03:05Z" finished-at="2018-01-12T00:03:09Z">
          <reporter-output>
          </reporter-output>
        </test-method> <!-- afterMethod -->
      </class> <!-- Qtech.MakeMyTrip.mmtactual -->
    </test> <!-- FlightCount -->
  </suite> <!-- MakeMyTrip -->
</testng-results>
