<?xml version="1.0" encoding="UTF-8"?>
<!-- Generated by org.testng.reporters.JUnitXMLReporter -->
<testsuite hostname="DESKTOP-BUSIJCL" ignored="0" name="FlightCount" tests="1" failures="1" timestamp="11 Jan 2018 18:33:09 GMT" time="28.482" errors="0">
  <testcase name="f" time="0.208" classname="Qtech.MakeMyTrip.mmtactual">
    <failure type="org.openqa.selenium.NoSuchWindowException" message="no such window: target window already closed
from unknown error: web view not found
  (Session info: chrome=63.0.3239.132)
  (Driver info: chromedriver=2.33.506120 (e3e53437346286c0bc2d2dc9aa4915ba81d9023f),platform=Windows NT 10.0.10240 x86_64) (WARNING: The server did not provide any stacktrace information)
Command duration or timeout: 0 milliseconds
Build info: version: &amp;apos;3.8.1&amp;apos;, revision: &amp;apos;6e95a6684b&amp;apos;, time: &amp;apos;2017-12-01T18:33:54.468Z&amp;apos;
System info: host: &amp;apos;DESKTOP-BUSIJCL&amp;apos;, ip: &amp;apos;192.168.0.6&amp;apos;, os.name: &amp;apos;Windows 10&amp;apos;, os.arch: &amp;apos;amd64&amp;apos;, os.version: &amp;apos;10.0&amp;apos;, java.version: &amp;apos;1.8.0_151&amp;apos;
Driver info: org.openqa.selenium.chrome.ChromeDriver
Capabilities {acceptSslCerts: true, applicationCacheEnabled: false, browserConnectionEnabled: false, browserName: chrome, chrome: {chromedriverVersion: 2.33.506120 (e3e53437346286..., userDataDir: C:\Users\Allwin\AppData\Loc...}, cssSelectorsEnabled: true, databaseEnabled: false, handlesAlerts: true, hasTouchScreen: false, javascriptEnabled: true, locationContextEnabled: true, mobileEmulationEnabled: false, nativeEvents: true, networkConnectionEnabled: false, pageLoadStrategy: normal, platform: XP, platformName: XP, rotatable: false, setWindowRect: true, takesHeapSnapshot: true, takesScreenshot: true, unexpectedAlertBehaviour: , unhandledPromptBehavior: , version: 63.0.3239.132, webStorageEnabled: true}
Session ID: e0fb3e289e2115e46545523fc98c1d48
*** Element info: {Using=xpath, value=//div[@id=&amp;apos;js-switch__option&amp;apos;]//label[contains(text(),&amp;apos;one way&amp;apos;)]}">
      <![CDATA[org.openqa.selenium.NoSuchWindowException: no such window: target window already closedfrom unknown error: web view not found  (Session info: chrome=63.0.3239.132)  (Driver info: chromedriver=2.33.506120 (e3e53437346286c0bc2d2dc9aa4915ba81d9023f),platform=Windows NT 10.0.10240 x86_64) (WARNING: The server did not provide any stacktrace information)Command duration or timeout: 0 millisecondsBuild info: version: '3.8.1', revision: '6e95a6684b', time: '2017-12-01T18:33:54.468Z'System info: host: 'DESKTOP-BUSIJCL', ip: '192.168.0.6', os.name: 'Windows 10', os.arch: 'amd64', os.version: '10.0', java.version: '1.8.0_151'Driver info: org.openqa.selenium.chrome.ChromeDriverCapabilities {acceptSslCerts: true, applicationCacheEnabled: false, browserConnectionEnabled: false, browserName: chrome, chrome: {chromedriverVersion: 2.33.506120 (e3e53437346286..., userDataDir: C:\Users\Allwin\AppData\Loc...}, cssSelectorsEnabled: true, databaseEnabled: false, handlesAlerts: true, hasTouchScreen: false, javascriptEnabled: true, locationContextEnabled: true, mobileEmulationEnabled: false, nativeEvents: true, networkConnectionEnabled: false, pageLoadStrategy: normal, platform: XP, platformName: XP, rotatable: false, setWindowRect: true, takesHeapSnapshot: true, takesScreenshot: true, unexpectedAlertBehaviour: , unhandledPromptBehavior: , version: 63.0.3239.132, webStorageEnabled: true}Session ID: e0fb3e289e2115e46545523fc98c1d48*** Element info: {Using=xpath, value=//div[@id='js-switch__option']//label[contains(text(),'one way')]}at org.openqa.selenium.remote.ErrorHandler.createThrowable(ErrorHandler.java:214)at org.openqa.selenium.remote.ErrorHandler.throwIfResponseFailed(ErrorHandler.java:166)at org.openqa.selenium.remote.http.JsonHttpResponseCodec.reconstructValue(JsonHttpResponseCodec.java:40)at org.openqa.selenium.remote.http.AbstractHttpResponseCodec.decode(AbstractHttpResponseCodec.java:80)at org.openqa.selenium.remote.http.AbstractHttpResponseCodec.decode(AbstractHttpResponseCodec.java:44)at org.openqa.selenium.remote.HttpCommandExecutor.execute(HttpCommandExecutor.java:164)at org.openqa.selenium.remote.service.DriverCommandExecutor.execute(DriverCommandExecutor.java:83)at org.openqa.selenium.remote.RemoteWebDriver.execute(RemoteWebDriver.java:601)at org.openqa.selenium.remote.RemoteWebDriver.findElement(RemoteWebDriver.java:371)at org.openqa.selenium.remote.RemoteWebDriver.findElementByXPath(RemoteWebDriver.java:473)at org.openqa.selenium.By$ByXPath.findElement(By.java:361)at org.openqa.selenium.remote.RemoteWebDriver.findElement(RemoteWebDriver.java:363)at Qtech.MakeMyTrip.mmtutilities.selectjourneytype(mmtutilities.java:45)at Qtech.MakeMyTrip.mmtactual.f(mmtactual.java:15)... Removed 32 stack frames]]>
    </failure>
  </testcase> <!-- f -->
</testsuite> <!-- FlightCount -->
